[0824/224405.780:ERROR:process_info.cc(375)] NtQuerySystemInformation SystemExtendedHandleInformation: The specified information record length does not match the length required for the specified information class. (0xc0000004)
[0824/224405.810:ERROR:process_reader_win.cc(242)] ReadMemory at 0x13fc20000 of 64 bytes failed: Only part of a ReadProcessMemory or WriteProcessMemory request was completed. (0x12B)
[0824/224405.811:WARNING:pe_image_reader.cc(302)] could not read dos header from C:\Program Files (x86)\Google\Chrome\Application\chrome.exe
[0824/224405.812:ERROR:process_reader_win.cc(242)] ReadMemory at 0x76f30000 of 64 bytes failed: Only part of a ReadProcessMemory or WriteProcessMemory request was completed. (0x12B)
[0824/224405.812:WARNING:pe_image_reader.cc(302)] could not read dos header from C:\Windows\SYSTEM32\ntdll.dll
[0824/224405.812:ERROR:process_reader_win.cc(242)] ReadMemory at 0x76e10000 of 64 bytes failed: Only part of a ReadProcessMemory or WriteProcessMemory request was completed. (0x12B)
[0824/224405.812:WARNING:pe_image_reader.cc(302)] could not read dos header from C:\Windows\system32\kernel32.dll
[0824/224405.812:ERROR:process_reader_win.cc(242)] ReadMemory at 0x7fefcc50000 of 64 bytes failed: Only part of a ReadProcessMemory or WriteProcessMemory request was completed. (0x12B)
[0824/224405.812:WARNING:pe_image_reader.cc(302)] could not read dos header from C:\Windows\system32\KERNELBASE.dll
[0824/224405.812:ERROR:process_reader_win.cc(242)] ReadMemory at 0x74900000 of 64 bytes failed: Only part of a ReadProcessMemory or WriteProcessMemory request was completed. (0x12B)
[0824/224405.812:WARNING:pe_image_reader.cc(302)] could not read dos header from C:\Windows\System32\SYSFER.DLL
[0824/224405.813:ERROR:process_reader_win.cc(242)] ReadMemory at 0x7fefdc00000 of 64 bytes failed: Only part of a ReadProcessMemory or WriteProcessMemory request was completed. (0x12B)
[0824/224405.813:WARNING:pe_image_reader.cc(302)] could not read dos header from C:\Windows\system32\ADVAPI32.dll
[0824/224405.813:ERROR:process_reader_win.cc(242)] ReadMemory at 0x7fefdce0000 of 64 bytes failed: Only part of a ReadProcessMemory or WriteProcessMemory request was completed. (0x12B)
[0824/224405.813:WARNING:pe_image_reader.cc(302)] could not read dos header from C:\Windows\system32\msvcrt.dll
[0824/224405.813:ERROR:process_reader_win.cc(242)] ReadMemory at 0x7fefd0b0000 of 64 bytes failed: Only part of a ReadProcessMemory or WriteProcessMemory request was completed. (0x12B)
[0824/224405.813:WARNING:pe_image_reader.cc(302)] could not read dos header from C:\Windows\SYSTEM32\sechost.dll
[0824/224405.813:ERROR:process_reader_win.cc(242)] ReadMemory at 0x7fefde20000 of 64 bytes failed: Only part of a ReadProcessMemory or WriteProcessMemory request was completed. (0x12B)
[0824/224405.813:WARNING:pe_image_reader.cc(302)] could not read dos header from C:\Windows\system32\RPCRT4.dll
[0824/224405.813:ERROR:process_reader_win.cc(242)] ReadMemory at 0x7fed7410000 of 64 bytes failed: Only part of a ReadProcessMemory or WriteProcessMemory request was completed. (0x12B)
[0824/224405.813:WARNING:pe_image_reader.cc(302)] could not read dos header from C:\Program Files (x86)\Google\Chrome\Application\68.0.3440.106\chrome_elf.dll
[0824/224405.813:ERROR:process_reader_win.cc(242)] ReadMemory at 0x7fefc4b0000 of 64 bytes failed: Only part of a ReadProcessMemory or WriteProcessMemory request was completed. (0x12B)
[0824/224405.813:WARNING:pe_image_reader.cc(302)] could not read dos header from C:\Windows\system32\VERSION.dll
[0824/224405.813:ERROR:process_reader_win.cc(242)] ReadMemory at 0x7fefe460000 of 64 bytes failed: Only part of a ReadProcessMemory or WriteProcessMemory request was completed. (0x12B)
[0824/224405.814:WARNING:pe_image_reader.cc(302)] could not read dos header from C:\Windows\system32\SHELL32.dll
[0824/224405.814:ERROR:process_reader_win.cc(242)] ReadMemory at 0x7fefd260000 of 64 bytes failed: Only part of a ReadProcessMemory or WriteProcessMemory request was completed. (0x12B)
[0824/224405.814:WARNING:pe_image_reader.cc(302)] could not read dos header from C:\Windows\system32\SHLWAPI.dll
[0824/224405.814:ERROR:process_reader_win.cc(242)] ReadMemory at 0x7fefe070000 of 64 bytes failed: Only part of a ReadProcessMemory or WriteProcessMemory request was completed. (0x12B)
[0824/224405.814:WARNING:pe_image_reader.cc(302)] could not read dos header from C:\Windows\system32\GDI32.dll
[0824/224405.814:ERROR:process_reader_win.cc(242)] ReadMemory at 0x76d10000 of 64 bytes failed: Only part of a ReadProcessMemory or WriteProcessMemory request was completed. (0x12B)
[0824/224405.814:WARNING:pe_image_reader.cc(302)] could not read dos header from C:\Windows\system32\USER32.dll
[0824/224405.814:ERROR:process_reader_win.cc(242)] ReadMemory at 0x7fefe3f0000 of 64 bytes failed: Only part of a ReadProcessMemory or WriteProcessMemory request was completed. (0x12B)
[0824/224405.814:WARNING:pe_image_reader.cc(302)] could not read dos header from C:\Windows\system32\LPK.dll
[0824/224405.814:ERROR:process_reader_win.cc(242)] ReadMemory at 0x7fefcfe0000 of 64 bytes failed: Only part of a ReadProcessMemory or WriteProcessMemory request was completed. (0x12B)
[0824/224405.814:WARNING:pe_image_reader.cc(302)] could not read dos header from C:\Windows\system32\USP10.dll
[0824/224405.814:ERROR:process_reader_win.cc(242)] ReadMemory at 0x7fef05b0000 of 64 bytes failed: Only part of a ReadProcessMemory or WriteProcessMemory request was completed. (0x12B)
[0824/224405.815:WARNING:pe_image_reader.cc(302)] could not read dos header from C:\Windows\system32\WINMM.dll
[0824/224405.815:ERROR:process_reader_win.cc(242)] ReadMemory at 0x7fefcc20000 of 64 bytes failed: Only part of a ReadProcessMemory or WriteProcessMemory request was completed. (0x12B)
[0824/224405.815:WARNING:pe_image_reader.cc(302)] could not read dos header from C:\Windows\system32\USERENV.dll
[0824/224405.815:ERROR:process_reader_win.cc(242)] ReadMemory at 0x7fefcc00000 of 64 bytes failed: Only part of a ReadProcessMemory or WriteProcessMemory request was completed. (0x12B)
[0824/224405.815:WARNING:pe_image_reader.cc(302)] could not read dos header from C:\Windows\system32\profapi.dll
[0824/224405.815:ERROR:process_reader_win.cc(242)] ReadMemory at 0x120000 of 64 bytes failed: Only part of a ReadProcessMemory or WriteProcessMemory request was completed. (0x12B)
[0824/224405.816:WARNING:pe_image_reader.cc(302)] could not read dos header from C:\Windows\system32\PSAPI.DLL
[0824/224405.816:ERROR:process_reader_win.cc(242)] ReadMemory at 0x7fefb170000 of 64 bytes failed: Only part of a ReadProcessMemory or WriteProcessMemory request was completed. (0x12B)
[0824/224405.816:WARNING:pe_image_reader.cc(302)] could not read dos header from C:\Windows\system32\WINHTTP.dll
[0824/224405.816:ERROR:process_reader_win.cc(242)] ReadMemory at 0x7fefb100000 of 64 bytes failed: Only part of a ReadProcessMemory or WriteProcessMemory request was completed. (0x12B)
[0824/224405.816:WARNING:pe_image_reader.cc(302)] could not read dos header from C:\Windows\system32\webio.dll
[0824/224405.816:ERROR:process_reader_win.cc(242)] ReadMemory at 0x7fefca30000 of 64 bytes failed: Only part of a ReadProcessMemory or WriteProcessMemory request was completed. (0x12B)
[0824/224405.816:WARNING:pe_image_reader.cc(302)] could not read dos header from C:\Windows\system32\api-ms-win-core-synch-l1-2-0.DLL
[0824/224405.816:ERROR:process_reader_win.cc(242)] ReadMemory at 0x7feff1f0000 of 64 bytes failed: Only part of a ReadProcessMemory or WriteProcessMemory request was completed. (0x12B)
[0824/224405.816:WARNING:pe_image_reader.cc(302)] could not read dos header from C:\Windows\system32\IMM32.DLL
[0824/224405.816:ERROR:process_reader_win.cc(242)] ReadMemory at 0x7fefdf50000 of 64 bytes failed: Only part of a ReadProcessMemory or WriteProcessMemory request was completed. (0x12B)
[0824/224405.816:WARNING:pe_image_reader.cc(302)] could not read dos header from C:\Windows\system32\MSCTF.dll
[0824/224405.816:ERROR:process_reader_win.cc(242)] ReadMemory at 0x7fefcae0000 of 64 bytes failed: Only part of a ReadProcessMemory or WriteProcessMemory request was completed. (0x12B)
[0824/224405.816:WARNING:pe_image_reader.cc(302)] could not read dos header from C:\Program Files\AppSense\Environment Manager\Agent\EmLoader.dll
[0824/224405.816:ERROR:process_reader_win.cc(242)] ReadMemory at 0x7fefd630000 of 64 bytes failed: Only part of a ReadProcessMemory or WriteProcessMemory request was completed. (0x12B)
[0824/224405.816:WARNING:pe_image_reader.cc(302)] could not read dos header from C:\Windows\system32\ole32.dll
[0824/224405.816:ERROR:process_reader_win.cc(242)] ReadMemory at 0x7fef0970000 of 64 bytes failed: Only part of a ReadProcessMemory or WriteProcessMemory request was completed. (0x12B)
[0824/224405.816:WARNING:pe_image_reader.cc(302)] could not read dos header from C:\Program Files\AppSense\Application Manager\Agent\AMLdrAppInit.dll
[0824/224405.816:ERROR:process_reader_win.cc(242)] ReadMemory at 0x7fef0800000 of 64 bytes failed: Only part of a ReadProcessMemory or WriteProcessMemory request was completed. (0x12B)
[0824/224405.816:WARNING:pe_image_reader.cc(302)] could not read dos header from C:\Program Files\AppSense\Application Manager\Agent\AMAppHook.dll
[0824/224405.816:ERROR:process_reader_win.cc(242)] ReadMemory at 0x7fefe1c0000 of 64 bytes failed: Only part of a ReadProcessMemory or WriteProcessMemory request was completed. (0x12B)
[0824/224405.817:WARNING:pe_image_reader.cc(302)] could not read dos header from C:\Windows\system32\WS2_32.dll
[0824/224405.817:ERROR:process_reader_win.cc(242)] ReadMemory at 0x7fefe060000 of 64 bytes failed: Only part of a ReadProcessMemory or WriteProcessMemory request was completed. (0x12B)
[0824/224405.817:WARNING:pe_image_reader.cc(302)] could not read dos header from C:\Windows\system32\NSI.dll
[0824/224405.817:ERROR:process_reader_win.cc(242)] ReadMemory at 0x7fefbba0000 of 64 bytes failed: Only part of a ReadProcessMemory or WriteProcessMemory request was completed. (0x12B)
[0824/224405.817:WARNING:pe_image_reader.cc(302)] could not read dos header from C:\Windows\system32\msi.dll
[0824/224405.817:ERROR:process_reader_win.cc(242)] ReadMemory at 0x7fefc630000 of 64 bytes failed: Only part of a ReadProcessMemory or WriteProcessMemory request was completed. (0x12B)
[0824/224405.817:WARNING:pe_image_reader.cc(302)] could not read dos header from C:\Windows\system32\wevtapi.dll
[0824/224405.817:ERROR:process_reader_win.cc(242)] ReadMemory at 0x7fed69b0000 of 64 bytes failed: Only part of a ReadProcessMemory or WriteProcessMemory request was completed. (0x12B)
[0824/224405.817:WARNING:pe_image_reader.cc(302)] could not read dos header from C:\Program Files\AppSense\Application Manager\Agent\Plugins\AMAppPack\Hook\BrowserHook.dll
[0824/224405.817:ERROR:process_reader_win.cc(242)] ReadMemory at 0x7feaf4b0000 of 64 bytes failed: Only part of a ReadProcessMemory or WriteProcessMemory request was completed. (0x12B)
[0824/224405.817:WARNING:pe_image_reader.cc(302)] could not read dos header from C:\Program Files (x86)\Google\Chrome\Application\68.0.3440.106\chrome_child.dll
[0824/224405.817:ERROR:process_reader_win.cc(242)] ReadMemory at 0x7feedbb0000 of 64 bytes failed: Only part of a ReadProcessMemory or WriteProcessMemory request was completed. (0x12B)
[0824/224405.817:WARNING:pe_image_reader.cc(302)] could not read dos header from C:\Windows\system32\msdmo.dll
[0824/224405.817:ERROR:process_reader_win.cc(242)] ReadMemory at 0x7fefe0e0000 of 64 bytes failed: Only part of a ReadProcessMemory or WriteProcessMemory request was completed. (0x12B)
[0824/224405.817:WARNING:pe_image_reader.cc(302)] could not read dos header from C:\Windows\system32\OLEAUT32.dll
[0824/224405.817:ERROR:process_reader_win.cc(242)] ReadMemory at 0x7fefcf80000 of 64 bytes failed: Only part of a ReadProcessMemory or WriteProcessMemory request was completed. (0x12B)
[0824/224405.817:WARNING:pe_image_reader.cc(302)] could not read dos header from C:\Windows\system32\WINTRUST.dll
[0824/224405.817:ERROR:process_reader_win.cc(242)] ReadMemory at 0x7fefcd10000 of 64 bytes failed: Only part of a ReadProcessMemory or WriteProcessMemory request was completed. (0x12B)
[0824/224405.817:WARNING:pe_image_reader.cc(302)] could not read dos header from C:\Windows\system32\CRYPT32.dll
[0824/224405.817:ERROR:process_reader_win.cc(242)] ReadMemory at 0x7fefcc10000 of 64 bytes failed: Only part of a ReadProcessMemory or WriteProcessMemory request was completed. (0x12B)
[0824/224405.817:WARNING:pe_image_reader.cc(302)] could not read dos header from C:\Windows\system32\MSASN1.dll
[0824/224405.817:ERROR:process_reader_win.cc(242)] ReadMemory at 0x7fefdd80000 of 64 bytes failed: Only part of a ReadProcessMemory or WriteProcessMemory request was completed. (0x12B)
[0824/224405.817:WARNING:pe_image_reader.cc(302)] could not read dos header from C:\Windows\system32\COMDLG32.dll
[0824/224405.817:ERROR:process_reader_win.cc(242)] ReadMemory at 0x7fef9b00000 of 64 bytes failed: Only part of a ReadProcessMemory or WriteProcessMemory request was completed. (0x12B)
[0824/224405.817:WARNING:pe_image_reader.cc(302)] could not read dos header from C:\Windows\WinSxS\amd64_microsoft.windows.common-controls_6595b64144ccf1df_6.0.7601.23403_none_e36ad4593102f066\COMCTL32.dll
[0824/224405.817:ERROR:process_reader_win.cc(242)] ReadMemory at 0x7fefb070000 of 64 bytes failed: Only part of a ReadProcessMemory or WriteProcessMemory request was completed. (0x12B)
[0824/224405.818:WARNING:pe_image_reader.cc(302)] could not read dos header from C:\Windows\system32\IPHLPAPI.DLL
[0824/224405.818:ERROR:process_reader_win.cc(242)] ReadMemory at 0x7fefb060000 of 64 bytes failed: Only part of a ReadProcessMemory or WriteProcessMemory request was completed. (0x12B)
[0824/224405.818:WARNING:pe_image_reader.cc(302)] could not read dos header from C:\Windows\system32\WINNSI.DLL
[0824/224405.818:ERROR:process_reader_win.cc(242)] ReadMemory at 0x7fef0c40000 of 64 bytes failed: Only part of a ReadProcessMemory or WriteProcessMemory request was completed. (0x12B)
[0824/224405.818:WARNING:pe_image_reader.cc(302)] could not read dos header from C:\Windows\system32\DWrite.dll
[0824/224405.818:ERROR:process_reader_win.cc(242)] ReadMemory at 0x7feed4e0000 of 64 bytes failed: Only part of a ReadProcessMemory or WriteProcessMemory request was completed. (0x12B)
[0824/224405.818:WARNING:pe_image_reader.cc(302)] could not read dos header from C:\Windows\system32\WINSPOOL.DRV
[0824/224405.818:ERROR:process_reader_win.cc(242)] ReadMemory at 0x7feee8d0000 of 64 bytes failed: Only part of a ReadProcessMemory or WriteProcessMemory request was completed. (0x12B)
[0824/224405.818:WARNING:pe_image_reader.cc(302)] could not read dos header from C:\Windows\system32\dbghelp.dll
[0824/224405.818:ERROR:process_reader_win.cc(242)] ReadMemory at 0x7fef3ac0000 of 64 bytes failed: Only part of a ReadProcessMemory or WriteProcessMemory request was completed. (0x12B)
[0824/224405.818:WARNING:pe_image_reader.cc(302)] could not read dos header from C:\Windows\system32\dxgi.dll
[0824/224405.818:ERROR:process_reader_win.cc(242)] ReadMemory at 0x7fef9540000 of 64 bytes failed: Only part of a ReadProcessMemory or WriteProcessMemory request was completed. (0x12B)
[0824/224405.818:WARNING:pe_image_reader.cc(302)] could not read dos header from C:\Windows\system32\dwmapi.dll
[0824/224405.818:ERROR:process_reader_win.cc(242)] ReadMemory at 0x7fefd0d0000 of 64 bytes failed: Only part of a ReadProcessMemory or WriteProcessMemory request was completed. (0x12B)
[0824/224405.818:WARNING:pe_image_reader.cc(302)] could not read dos header from C:\Windows\system32\urlmon.dll
[0824/224405.818:ERROR:process_reader_win.cc(242)] ReadMemory at 0x7fefccc0000 of 64 bytes failed: Only part of a ReadProcessMemory or WriteProcessMemory request was completed. (0x12B)
[0824/224405.818:WARNING:pe_image_reader.cc(302)] could not read dos header from C:\Windows\system32\api-ms-win-downlevel-ole32-l1-1-0.dll
[0824/224405.818:ERROR:process_reader_win.cc(242)] ReadMemory at 0x7fefcf60000 of 64 bytes failed: Only part of a ReadProcessMemory or WriteProcessMemory request was completed. (0x12B)
[0824/224405.818:WARNING:pe_image_reader.cc(302)] could not read dos header from C:\Windows\system32\api-ms-win-downlevel-shlwapi-l1-1-0.dll
[0824/224405.818:ERROR:process_reader_win.cc(242)] ReadMemory at 0x7fefcc40000 of 64 bytes failed: Only part of a ReadProcessMemory or WriteProcessMemory request was completed. (0x12B)
[0824/224405.818:WARNING:pe_image_reader.cc(302)] could not read dos header from C:\Windows\system32\api-ms-win-downlevel-advapi32-l1-1-0.dll
[0824/224405.818:ERROR:process_reader_win.cc(242)] ReadMemory at 0x7fefcf70000 of 64 bytes failed: Only part of a ReadProcessMemory or WriteProcessMemory request was completed. (0x12B)
[0824/224405.818:WARNING:pe_image_reader.cc(302)] could not read dos header from C:\Windows\system32\api-ms-win-downlevel-user32-l1-1-0.dll
[0824/224405.819:ERROR:process_reader_win.cc(242)] ReadMemory at 0x7fefccd0000 of 64 bytes failed: Only part of a ReadProcessMemory or WriteProcessMemory request was completed. (0x12B)
[0824/224405.819:WARNING:pe_image_reader.cc(302)] could not read dos header from C:\Windows\system32\api-ms-win-downlevel-version-l1-1-0.dll
[0824/224405.819:ERROR:process_reader_win.cc(242)] ReadMemory at 0x7fefcd00000 of 64 bytes failed: Only part of a ReadProcessMemory or WriteProcessMemory request was completed. (0x12B)
[0824/224405.819:WARNING:pe_image_reader.cc(302)] could not read dos header from C:\Windows\system32\api-ms-win-downlevel-normaliz-l1-1-0.dll
[0824/224405.819:ERROR:process_reader_win.cc(242)] ReadMemory at 0x770e0000 of 64 bytes failed: Only part of a ReadProcessMemory or WriteProcessMemory request was completed. (0x12B)
[0824/224405.819:WARNING:pe_image_reader.cc(302)] could not read dos header from C:\Windows\system32\normaliz.DLL
[0824/224405.819:ERROR:process_reader_win.cc(242)] ReadMemory at 0x7fefd2e0000 of 64 bytes failed: Only part of a ReadProcessMemory or WriteProcessMemory request was completed. (0x12B)
[0824/224405.819:WARNING:pe_image_reader.cc(302)] could not read dos header from C:\Windows\system32\iertutil.dll
[0824/224405.819:ERROR:process_reader_win.cc(242)] ReadMemory at 0x7fefd8d0000 of 64 bytes failed: Only part of a ReadProcessMemory or WriteProcessMemory request was completed. (0x12B)
[0824/224405.819:WARNING:pe_image_reader.cc(302)] could not read dos header from C:\Windows\system32\WININET.dll
[0824/224405.819:ERROR:process_reader_win.cc(242)] ReadMemory at 0x7fefc400000 of 64 bytes failed: Only part of a ReadProcessMemory or WriteProcessMemory request was completed. (0x12B)
[0824/224405.819:WARNING:pe_image_reader.cc(302)] could not read dos header from C:\Windows\system32\Secur32.dll
[0824/224405.819:ERROR:process_reader_win.cc(242)] ReadMemory at 0x7fefc970000 of 64 bytes failed: Only part of a ReadProcessMemory or WriteProcessMemory request was completed. (0x12B)
[0824/224405.819:WARNING:pe_image_reader.cc(302)] could not read dos header from C:\Windows\system32\SSPICLI.DLL
[0824/224405.819:ERROR:process_reader_win.cc(242)] ReadMemory at 0x7fef9490000 of 64 bytes failed: Only part of a ReadProcessMemory or WriteProcessMemory request was completed. (0x12B)
[0824/224405.819:WARNING:pe_image_reader.cc(302)] could not read dos header from C:\Windows\system32\dhcpcsvc.DLL
[0824/224405.819:ERROR:process_reader_win.cc(242)] ReadMemory at 0x7fefca00000 of 64 bytes failed: Only part of a ReadProcessMemory or WriteProcessMemory request was completed. (0x12B)
[0824/224405.819:WARNING:pe_image_reader.cc(302)] could not read dos header from C:\Windows\system32\cryptbase.dll
[0824/224405.912:ERROR:process_reader_win.cc(242)] ReadMemory at 0x341000 of 61440 bytes failed: Only part of a ReadProcessMemory or WriteProcessMemory request was completed. (0x12B)
[0824/224405.912:ERROR:crash_report_exception_handler.cc(111)] WriteEverything failed
[0824/224405.914:ERROR:filesystem_win.cc(148)] DeleteFile C:\Users\vmahajan\AppData\Local\Temp\scoped_dir130032_27376\Crashpad\reports\aa30826b-8ccc-45d9-b897-f856820b375c.dmp: The process cannot access the file because it is being used by another process. (0x20)
[0824/224405.916:ERROR:scoped_process_suspend.cc(40)] NtResumeProcess: An attempt was made to access an exiting process. (0xc000010a)
